Defining Constants
Defining Paths
Loading Model
encoder.embeddings.cls_token
encoder.embeddings.position_embeddings
encoder.embeddings.patch_embeddings.projection.weight
encoder.embeddings.patch_embeddings.projection.bias
encoder.encoder.layer.0.attention.attention.query.weight
encoder.encoder.layer.0.attention.attention.key.weight
encoder.encoder.layer.0.attention.attention.value.weight
encoder.encoder.layer.0.attention.output.dense.weight
encoder.encoder.layer.0.attention.output.dense.bias
encoder.encoder.layer.0.intermediate.dense.weight
encoder.encoder.layer.0.intermediate.dense.bias
encoder.encoder.layer.0.output.dense.weight
encoder.encoder.layer.0.output.dense.bias
encoder.encoder.layer.0.layernorm_before.weight
encoder.encoder.layer.0.layernorm_before.bias
encoder.encoder.layer.0.layernorm_after.weight
encoder.encoder.layer.0.layernorm_after.bias
encoder.encoder.layer.1.attention.attention.query.weight
encoder.encoder.layer.1.attention.attention.key.weight
encoder.encoder.layer.1.attention.attention.value.weight
encoder.encoder.layer.1.attention.output.dense.weight
encoder.encoder.layer.1.attention.output.dense.bias
encoder.encoder.layer.1.intermediate.dense.weight
encoder.encoder.layer.1.intermediate.dense.bias
encoder.encoder.layer.1.output.dense.weight
encoder.encoder.layer.1.output.dense.bias
encoder.encoder.layer.1.layernorm_before.weight
encoder.encoder.layer.1.layernorm_before.bias
encoder.encoder.layer.1.layernorm_after.weight
encoder.encoder.layer.1.layernorm_after.bias
encoder.encoder.layer.2.attention.attention.query.weight
encoder.encoder.layer.2.attention.attention.key.weight
encoder.encoder.layer.2.attention.attention.value.weight
encoder.encoder.layer.2.attention.output.dense.weight
encoder.encoder.layer.2.attention.output.dense.bias
encoder.encoder.layer.2.intermediate.dense.weight
encoder.encoder.layer.2.intermediate.dense.bias
encoder.encoder.layer.2.output.dense.weight
encoder.encoder.layer.2.output.dense.bias
encoder.encoder.layer.2.layernorm_before.weight
encoder.encoder.layer.2.layernorm_before.bias
encoder.encoder.layer.2.layernorm_after.weight
encoder.encoder.layer.2.layernorm_after.bias
encoder.encoder.layer.3.attention.attention.query.weight
encoder.encoder.layer.3.attention.attention.key.weight
encoder.encoder.layer.3.attention.attention.value.weight
encoder.encoder.layer.3.attention.output.dense.weight
encoder.encoder.layer.3.attention.output.dense.bias
encoder.encoder.layer.3.intermediate.dense.weight
encoder.encoder.layer.3.intermediate.dense.bias
encoder.encoder.layer.3.output.dense.weight
encoder.encoder.layer.3.output.dense.bias
encoder.encoder.layer.3.layernorm_before.weight
encoder.encoder.layer.3.layernorm_before.bias
encoder.encoder.layer.3.layernorm_after.weight
encoder.encoder.layer.3.layernorm_after.bias
encoder.encoder.layer.4.attention.attention.query.weight
encoder.encoder.layer.4.attention.attention.key.weight
encoder.encoder.layer.4.attention.attention.value.weight
encoder.encoder.layer.4.attention.output.dense.weight
encoder.encoder.layer.4.attention.output.dense.bias
encoder.encoder.layer.4.intermediate.dense.weight
encoder.encoder.layer.4.intermediate.dense.bias
encoder.encoder.layer.4.output.dense.weight
encoder.encoder.layer.4.output.dense.bias
encoder.encoder.layer.4.layernorm_before.weight
encoder.encoder.layer.4.layernorm_before.bias
encoder.encoder.layer.4.layernorm_after.weight
encoder.encoder.layer.4.layernorm_after.bias
encoder.encoder.layer.5.attention.attention.query.weight
encoder.encoder.layer.5.attention.attention.key.weight
encoder.encoder.layer.5.attention.attention.value.weight
encoder.encoder.layer.5.attention.output.dense.weight
encoder.encoder.layer.5.attention.output.dense.bias
encoder.encoder.layer.5.intermediate.dense.weight
encoder.encoder.layer.5.intermediate.dense.bias
encoder.encoder.layer.5.output.dense.weight
encoder.encoder.layer.5.output.dense.bias
encoder.encoder.layer.5.layernorm_before.weight
encoder.encoder.layer.5.layernorm_before.bias
encoder.encoder.layer.5.layernorm_after.weight
encoder.encoder.layer.5.layernorm_after.bias
encoder.encoder.layer.6.attention.attention.query.weight
encoder.encoder.layer.6.attention.attention.key.weight
encoder.encoder.layer.6.attention.attention.value.weight
encoder.encoder.layer.6.attention.output.dense.weight
encoder.encoder.layer.6.attention.output.dense.bias
encoder.encoder.layer.6.intermediate.dense.weight
encoder.encoder.layer.6.intermediate.dense.bias
encoder.encoder.layer.6.output.dense.weight
encoder.encoder.layer.6.output.dense.bias
encoder.encoder.layer.6.layernorm_before.weight
encoder.encoder.layer.6.layernorm_before.bias
encoder.encoder.layer.6.layernorm_after.weight
encoder.encoder.layer.6.layernorm_after.bias
encoder.encoder.layer.7.attention.attention.query.weight
encoder.encoder.layer.7.attention.attention.key.weight
encoder.encoder.layer.7.attention.attention.value.weight
encoder.encoder.layer.7.attention.output.dense.weight
encoder.encoder.layer.7.attention.output.dense.bias
encoder.encoder.layer.7.intermediate.dense.weight
encoder.encoder.layer.7.intermediate.dense.bias
encoder.encoder.layer.7.output.dense.weight
encoder.encoder.layer.7.output.dense.bias
encoder.encoder.layer.7.layernorm_before.weight
encoder.encoder.layer.7.layernorm_before.bias
encoder.encoder.layer.7.layernorm_after.weight
encoder.encoder.layer.7.layernorm_after.bias
encoder.encoder.layer.8.attention.attention.query.weight
encoder.encoder.layer.8.attention.attention.key.weight
encoder.encoder.layer.8.attention.attention.value.weight
encoder.encoder.layer.8.attention.output.dense.weight
encoder.encoder.layer.8.attention.output.dense.bias
encoder.encoder.layer.8.intermediate.dense.weight
encoder.encoder.layer.8.intermediate.dense.bias
encoder.encoder.layer.8.output.dense.weight
encoder.encoder.layer.8.output.dense.bias
encoder.encoder.layer.8.layernorm_before.weight
encoder.encoder.layer.8.layernorm_before.bias
encoder.encoder.layer.8.layernorm_after.weight
encoder.encoder.layer.8.layernorm_after.bias
encoder.encoder.layer.9.attention.attention.query.weight
encoder.encoder.layer.9.attention.attention.key.weight
encoder.encoder.layer.9.attention.attention.value.weight
encoder.encoder.layer.9.attention.output.dense.weight
encoder.encoder.layer.9.attention.output.dense.bias
encoder.encoder.layer.9.intermediate.dense.weight
encoder.encoder.layer.9.intermediate.dense.bias
encoder.encoder.layer.9.output.dense.weight
encoder.encoder.layer.9.output.dense.bias
encoder.encoder.layer.9.layernorm_before.weight
encoder.encoder.layer.9.layernorm_before.bias
encoder.encoder.layer.9.layernorm_after.weight
encoder.encoder.layer.9.layernorm_after.bias
encoder.encoder.layer.10.attention.attention.query.weight
encoder.encoder.layer.10.attention.attention.key.weight
encoder.encoder.layer.10.attention.attention.value.weight
encoder.encoder.layer.10.attention.output.dense.weight
encoder.encoder.layer.10.attention.output.dense.bias
encoder.encoder.layer.10.intermediate.dense.weight
encoder.encoder.layer.10.intermediate.dense.bias
encoder.encoder.layer.10.output.dense.weight
encoder.encoder.layer.10.output.dense.bias
encoder.encoder.layer.10.layernorm_before.weight
encoder.encoder.layer.10.layernorm_before.bias
encoder.encoder.layer.10.layernorm_after.weight
encoder.encoder.layer.10.layernorm_after.bias
encoder.encoder.layer.11.attention.attention.query.weight
encoder.encoder.layer.11.attention.attention.key.weight
encoder.encoder.layer.11.attention.attention.value.weight
encoder.encoder.layer.11.attention.output.dense.weight
encoder.encoder.layer.11.attention.output.dense.bias
encoder.encoder.layer.11.intermediate.dense.weight
encoder.encoder.layer.11.intermediate.dense.bias
encoder.encoder.layer.11.output.dense.weight
encoder.encoder.layer.11.output.dense.bias
encoder.encoder.layer.11.layernorm_before.weight
encoder.encoder.layer.11.layernorm_before.bias
encoder.encoder.layer.11.layernorm_after.weight
encoder.encoder.layer.11.layernorm_after.bias
encoder.layernorm.weight
encoder.layernorm.bias
encoder.pooler.dense.weight
encoder.pooler.dense.bias
decoder.model.decoder.embed_tokens.weight
decoder.model.decoder.layers.0.self_attn.k_proj.weight
decoder.model.decoder.layers.0.self_attn.k_proj.bias
decoder.model.decoder.layers.0.self_attn.v_proj.weight
decoder.model.decoder.layers.0.self_attn.v_proj.bias
decoder.model.decoder.layers.0.self_attn.q_proj.weight
decoder.model.decoder.layers.0.self_attn.q_proj.bias
decoder.model.decoder.layers.0.self_attn.out_proj.weight
decoder.model.decoder.layers.0.self_attn.out_proj.bias
decoder.model.decoder.layers.0.self_attn_layer_norm.weight
decoder.model.decoder.layers.0.self_attn_layer_norm.bias
decoder.model.decoder.layers.0.encoder_attn.k_proj.weight
decoder.model.decoder.layers.0.encoder_attn.k_proj.bias
decoder.model.decoder.layers.0.encoder_attn.v_proj.weight
decoder.model.decoder.layers.0.encoder_attn.v_proj.bias
decoder.model.decoder.layers.0.encoder_attn.q_proj.weight
decoder.model.decoder.layers.0.encoder_attn.q_proj.bias
decoder.model.decoder.layers.0.encoder_attn.out_proj.weight
decoder.model.decoder.layers.0.encoder_attn.out_proj.bias
decoder.model.decoder.layers.0.encoder_attn_layer_norm.weight
decoder.model.decoder.layers.0.encoder_attn_layer_norm.bias
decoder.model.decoder.layers.0.fc1.weight
decoder.model.decoder.layers.0.fc1.bias
decoder.model.decoder.layers.0.fc2.weight
decoder.model.decoder.layers.0.fc2.bias
decoder.model.decoder.layers.0.final_layer_norm.weight
decoder.model.decoder.layers.0.final_layer_norm.bias
decoder.model.decoder.layers.1.self_attn.k_proj.weight
decoder.model.decoder.layers.1.self_attn.k_proj.bias
decoder.model.decoder.layers.1.self_attn.v_proj.weight
decoder.model.decoder.layers.1.self_attn.v_proj.bias
decoder.model.decoder.layers.1.self_attn.q_proj.weight
decoder.model.decoder.layers.1.self_attn.q_proj.bias
decoder.model.decoder.layers.1.self_attn.out_proj.weight
decoder.model.decoder.layers.1.self_attn.out_proj.bias
decoder.model.decoder.layers.1.self_attn_layer_norm.weight
decoder.model.decoder.layers.1.self_attn_layer_norm.bias
decoder.model.decoder.layers.1.encoder_attn.k_proj.weight
decoder.model.decoder.layers.1.encoder_attn.k_proj.bias
decoder.model.decoder.layers.1.encoder_attn.v_proj.weight
decoder.model.decoder.layers.1.encoder_attn.v_proj.bias
decoder.model.decoder.layers.1.encoder_attn.q_proj.weight
decoder.model.decoder.layers.1.encoder_attn.q_proj.bias
decoder.model.decoder.layers.1.encoder_attn.out_proj.weight
decoder.model.decoder.layers.1.encoder_attn.out_proj.bias
decoder.model.decoder.layers.1.encoder_attn_layer_norm.weight
decoder.model.decoder.layers.1.encoder_attn_layer_norm.bias
decoder.model.decoder.layers.1.fc1.weight
decoder.model.decoder.layers.1.fc1.bias
decoder.model.decoder.layers.1.fc2.weight
decoder.model.decoder.layers.1.fc2.bias
decoder.model.decoder.layers.1.final_layer_norm.weight
decoder.model.decoder.layers.1.final_layer_norm.bias
decoder.model.decoder.layers.2.self_attn.k_proj.weight
decoder.model.decoder.layers.2.self_attn.k_proj.bias
decoder.model.decoder.layers.2.self_attn.v_proj.weight
decoder.model.decoder.layers.2.self_attn.v_proj.bias
decoder.model.decoder.layers.2.self_attn.q_proj.weight
decoder.model.decoder.layers.2.self_attn.q_proj.bias
decoder.model.decoder.layers.2.self_attn.out_proj.weight
decoder.model.decoder.layers.2.self_attn.out_proj.bias
decoder.model.decoder.layers.2.self_attn_layer_norm.weight
decoder.model.decoder.layers.2.self_attn_layer_norm.bias
decoder.model.decoder.layers.2.encoder_attn.k_proj.weight
decoder.model.decoder.layers.2.encoder_attn.k_proj.bias
decoder.model.decoder.layers.2.encoder_attn.v_proj.weight
decoder.model.decoder.layers.2.encoder_attn.v_proj.bias
decoder.model.decoder.layers.2.encoder_attn.q_proj.weight
decoder.model.decoder.layers.2.encoder_attn.q_proj.bias
decoder.model.decoder.layers.2.encoder_attn.out_proj.weight
decoder.model.decoder.layers.2.encoder_attn.out_proj.bias
decoder.model.decoder.layers.2.encoder_attn_layer_norm.weight
decoder.model.decoder.layers.2.encoder_attn_layer_norm.bias
decoder.model.decoder.layers.2.fc1.weight
decoder.model.decoder.layers.2.fc1.bias
decoder.model.decoder.layers.2.fc2.weight
decoder.model.decoder.layers.2.fc2.bias
decoder.model.decoder.layers.2.final_layer_norm.weight
decoder.model.decoder.layers.2.final_layer_norm.bias
decoder.model.decoder.layers.3.self_attn.k_proj.weight
decoder.model.decoder.layers.3.self_attn.k_proj.bias
decoder.model.decoder.layers.3.self_attn.v_proj.weight
decoder.model.decoder.layers.3.self_attn.v_proj.bias
decoder.model.decoder.layers.3.self_attn.q_proj.weight
decoder.model.decoder.layers.3.self_attn.q_proj.bias
decoder.model.decoder.layers.3.self_attn.out_proj.weight
decoder.model.decoder.layers.3.self_attn.out_proj.bias
decoder.model.decoder.layers.3.self_attn_layer_norm.weight
decoder.model.decoder.layers.3.self_attn_layer_norm.bias
decoder.model.decoder.layers.3.encoder_attn.k_proj.weight
decoder.model.decoder.layers.3.encoder_attn.k_proj.bias
decoder.model.decoder.layers.3.encoder_attn.v_proj.weight
decoder.model.decoder.layers.3.encoder_attn.v_proj.bias
decoder.model.decoder.layers.3.encoder_attn.q_proj.weight
decoder.model.decoder.layers.3.encoder_attn.q_proj.bias
decoder.model.decoder.layers.3.encoder_attn.out_proj.weight
decoder.model.decoder.layers.3.encoder_attn.out_proj.bias
decoder.model.decoder.layers.3.encoder_attn_layer_norm.weight
decoder.model.decoder.layers.3.encoder_attn_layer_norm.bias
decoder.model.decoder.layers.3.fc1.weight
decoder.model.decoder.layers.3.fc1.bias
decoder.model.decoder.layers.3.fc2.weight
decoder.model.decoder.layers.3.fc2.bias
decoder.model.decoder.layers.3.final_layer_norm.weight
decoder.model.decoder.layers.3.final_layer_norm.bias
decoder.model.decoder.layers.4.self_attn.k_proj.weight
decoder.model.decoder.layers.4.self_attn.k_proj.bias
decoder.model.decoder.layers.4.self_attn.v_proj.weight
decoder.model.decoder.layers.4.self_attn.v_proj.bias
decoder.model.decoder.layers.4.self_attn.q_proj.weight
decoder.model.decoder.layers.4.self_attn.q_proj.bias
decoder.model.decoder.layers.4.self_attn.out_proj.weight
decoder.model.decoder.layers.4.self_attn.out_proj.bias
decoder.model.decoder.layers.4.self_attn_layer_norm.weight
decoder.model.decoder.layers.4.self_attn_layer_norm.bias
decoder.model.decoder.layers.4.encoder_attn.k_proj.weight
decoder.model.decoder.layers.4.encoder_attn.k_proj.bias
decoder.model.decoder.layers.4.encoder_attn.v_proj.weight
decoder.model.decoder.layers.4.encoder_attn.v_proj.bias
decoder.model.decoder.layers.4.encoder_attn.q_proj.weight
decoder.model.decoder.layers.4.encoder_attn.q_proj.bias
decoder.model.decoder.layers.4.encoder_attn.out_proj.weight
decoder.model.decoder.layers.4.encoder_attn.out_proj.bias
decoder.model.decoder.layers.4.encoder_attn_layer_norm.weight
decoder.model.decoder.layers.4.encoder_attn_layer_norm.bias
decoder.model.decoder.layers.4.fc1.weight
decoder.model.decoder.layers.4.fc1.bias
decoder.model.decoder.layers.4.fc2.weight
decoder.model.decoder.layers.4.fc2.bias
decoder.model.decoder.layers.4.final_layer_norm.weight
decoder.model.decoder.layers.4.final_layer_norm.bias
decoder.model.decoder.layers.5.self_attn.k_proj.weight
decoder.model.decoder.layers.5.self_attn.k_proj.bias
decoder.model.decoder.layers.5.self_attn.v_proj.weight
decoder.model.decoder.layers.5.self_attn.v_proj.bias
decoder.model.decoder.layers.5.self_attn.q_proj.weight
decoder.model.decoder.layers.5.self_attn.q_proj.bias
decoder.model.decoder.layers.5.self_attn.out_proj.weight
decoder.model.decoder.layers.5.self_attn.out_proj.bias
decoder.model.decoder.layers.5.self_attn_layer_norm.weight
decoder.model.decoder.layers.5.self_attn_layer_norm.bias
decoder.model.decoder.layers.5.encoder_attn.k_proj.weight
decoder.model.decoder.layers.5.encoder_attn.k_proj.bias
decoder.model.decoder.layers.5.encoder_attn.v_proj.weight
decoder.model.decoder.layers.5.encoder_attn.v_proj.bias
decoder.model.decoder.layers.5.encoder_attn.q_proj.weight
decoder.model.decoder.layers.5.encoder_attn.q_proj.bias
decoder.model.decoder.layers.5.encoder_attn.out_proj.weight
decoder.model.decoder.layers.5.encoder_attn.out_proj.bias
decoder.model.decoder.layers.5.encoder_attn_layer_norm.weight
decoder.model.decoder.layers.5.encoder_attn_layer_norm.bias
decoder.model.decoder.layers.5.fc1.weight
decoder.model.decoder.layers.5.fc1.bias
decoder.model.decoder.layers.5.fc2.weight
decoder.model.decoder.layers.5.fc2.bias
decoder.model.decoder.layers.5.final_layer_norm.weight
decoder.model.decoder.layers.5.final_layer_norm.bias
decoder.model.decoder.layers.6.self_attn.k_proj.weight
decoder.model.decoder.layers.6.self_attn.k_proj.bias
decoder.model.decoder.layers.6.self_attn.v_proj.weight
decoder.model.decoder.layers.6.self_attn.v_proj.bias
decoder.model.decoder.layers.6.self_attn.q_proj.weight
decoder.model.decoder.layers.6.self_attn.q_proj.bias
decoder.model.decoder.layers.6.self_attn.out_proj.weight
decoder.model.decoder.layers.6.self_attn.out_proj.bias
decoder.model.decoder.layers.6.self_attn_layer_norm.weight
decoder.model.decoder.layers.6.self_attn_layer_norm.bias
decoder.model.decoder.layers.6.encoder_attn.k_proj.weight
decoder.model.decoder.layers.6.encoder_attn.k_proj.bias
decoder.model.decoder.layers.6.encoder_attn.v_proj.weight
decoder.model.decoder.layers.6.encoder_attn.v_proj.bias
decoder.model.decoder.layers.6.encoder_attn.q_proj.weight
decoder.model.decoder.layers.6.encoder_attn.q_proj.bias
decoder.model.decoder.layers.6.encoder_attn.out_proj.weight
decoder.model.decoder.layers.6.encoder_attn.out_proj.bias
decoder.model.decoder.layers.6.encoder_attn_layer_norm.weight
decoder.model.decoder.layers.6.encoder_attn_layer_norm.bias
decoder.model.decoder.layers.6.fc1.weight
decoder.model.decoder.layers.6.fc1.bias
decoder.model.decoder.layers.6.fc2.weight
decoder.model.decoder.layers.6.fc2.bias
decoder.model.decoder.layers.6.final_layer_norm.weight
decoder.model.decoder.layers.6.final_layer_norm.bias
decoder.model.decoder.layers.7.self_attn.k_proj.weight
decoder.model.decoder.layers.7.self_attn.k_proj.bias
decoder.model.decoder.layers.7.self_attn.v_proj.weight
decoder.model.decoder.layers.7.self_attn.v_proj.bias
decoder.model.decoder.layers.7.self_attn.q_proj.weight
decoder.model.decoder.layers.7.self_attn.q_proj.bias
decoder.model.decoder.layers.7.self_attn.out_proj.weight
decoder.model.decoder.layers.7.self_attn.out_proj.bias
decoder.model.decoder.layers.7.self_attn_layer_norm.weight
decoder.model.decoder.layers.7.self_attn_layer_norm.bias
decoder.model.decoder.layers.7.encoder_attn.k_proj.weight
decoder.model.decoder.layers.7.encoder_attn.k_proj.bias
decoder.model.decoder.layers.7.encoder_attn.v_proj.weight
decoder.model.decoder.layers.7.encoder_attn.v_proj.bias
decoder.model.decoder.layers.7.encoder_attn.q_proj.weight
decoder.model.decoder.layers.7.encoder_attn.q_proj.bias
decoder.model.decoder.layers.7.encoder_attn.out_proj.weight
decoder.model.decoder.layers.7.encoder_attn.out_proj.bias
decoder.model.decoder.layers.7.encoder_attn_layer_norm.weight
decoder.model.decoder.layers.7.encoder_attn_layer_norm.bias
decoder.model.decoder.layers.7.fc1.weight
decoder.model.decoder.layers.7.fc1.bias
decoder.model.decoder.layers.7.fc2.weight
decoder.model.decoder.layers.7.fc2.bias
decoder.model.decoder.layers.7.final_layer_norm.weight
decoder.model.decoder.layers.7.final_layer_norm.bias
decoder.model.decoder.layers.8.self_attn.k_proj.weight
decoder.model.decoder.layers.8.self_attn.k_proj.bias
decoder.model.decoder.layers.8.self_attn.v_proj.weight
decoder.model.decoder.layers.8.self_attn.v_proj.bias
decoder.model.decoder.layers.8.self_attn.q_proj.weight
decoder.model.decoder.layers.8.self_attn.q_proj.bias
decoder.model.decoder.layers.8.self_attn.out_proj.weight
decoder.model.decoder.layers.8.self_attn.out_proj.bias
decoder.model.decoder.layers.8.self_attn_layer_norm.weight
decoder.model.decoder.layers.8.self_attn_layer_norm.bias
decoder.model.decoder.layers.8.encoder_attn.k_proj.weight
decoder.model.decoder.layers.8.encoder_attn.k_proj.bias
decoder.model.decoder.layers.8.encoder_attn.v_proj.weight
decoder.model.decoder.layers.8.encoder_attn.v_proj.bias
decoder.model.decoder.layers.8.encoder_attn.q_proj.weight
decoder.model.decoder.layers.8.encoder_attn.q_proj.bias
decoder.model.decoder.layers.8.encoder_attn.out_proj.weight
decoder.model.decoder.layers.8.encoder_attn.out_proj.bias
decoder.model.decoder.layers.8.encoder_attn_layer_norm.weight
decoder.model.decoder.layers.8.encoder_attn_layer_norm.bias
decoder.model.decoder.layers.8.fc1.weight
decoder.model.decoder.layers.8.fc1.bias
decoder.model.decoder.layers.8.fc2.weight
decoder.model.decoder.layers.8.fc2.bias
decoder.model.decoder.layers.8.final_layer_norm.weight
decoder.model.decoder.layers.8.final_layer_norm.bias
decoder.model.decoder.layers.9.self_attn.k_proj.weight
decoder.model.decoder.layers.9.self_attn.k_proj.bias
decoder.model.decoder.layers.9.self_attn.v_proj.weight
decoder.model.decoder.layers.9.self_attn.v_proj.bias
decoder.model.decoder.layers.9.self_attn.q_proj.weight
decoder.model.decoder.layers.9.self_attn.q_proj.bias
decoder.model.decoder.layers.9.self_attn.out_proj.weight
decoder.model.decoder.layers.9.self_attn.out_proj.bias
decoder.model.decoder.layers.9.self_attn_layer_norm.weight
decoder.model.decoder.layers.9.self_attn_layer_norm.bias
decoder.model.decoder.layers.9.encoder_attn.k_proj.weight
decoder.model.decoder.layers.9.encoder_attn.k_proj.bias
decoder.model.decoder.layers.9.encoder_attn.v_proj.weight
decoder.model.decoder.layers.9.encoder_attn.v_proj.bias
decoder.model.decoder.layers.9.encoder_attn.q_proj.weight
decoder.model.decoder.layers.9.encoder_attn.q_proj.bias
decoder.model.decoder.layers.9.encoder_attn.out_proj.weight
decoder.model.decoder.layers.9.encoder_attn.out_proj.bias
decoder.model.decoder.layers.9.encoder_attn_layer_norm.weight
decoder.model.decoder.layers.9.encoder_attn_layer_norm.bias
decoder.model.decoder.layers.9.fc1.weight
decoder.model.decoder.layers.9.fc1.bias
decoder.model.decoder.layers.9.fc2.weight
decoder.model.decoder.layers.9.fc2.bias
decoder.model.decoder.layers.9.final_layer_norm.weight
decoder.model.decoder.layers.9.final_layer_norm.bias
decoder.model.decoder.layers.10.self_attn.k_proj.weight
decoder.model.decoder.layers.10.self_attn.k_proj.bias
decoder.model.decoder.layers.10.self_attn.v_proj.weight
decoder.model.decoder.layers.10.self_attn.v_proj.bias
decoder.model.decoder.layers.10.self_attn.q_proj.weight
decoder.model.decoder.layers.10.self_attn.q_proj.bias
decoder.model.decoder.layers.10.self_attn.out_proj.weight
decoder.model.decoder.layers.10.self_attn.out_proj.bias
decoder.model.decoder.layers.10.self_attn_layer_norm.weight
decoder.model.decoder.layers.10.self_attn_layer_norm.bias
decoder.model.decoder.layers.10.encoder_attn.k_proj.weight
decoder.model.decoder.layers.10.encoder_attn.k_proj.bias
decoder.model.decoder.layers.10.encoder_attn.v_proj.weight
decoder.model.decoder.layers.10.encoder_attn.v_proj.bias
decoder.model.decoder.layers.10.encoder_attn.q_proj.weight
decoder.model.decoder.layers.10.encoder_attn.q_proj.bias
decoder.model.decoder.layers.10.encoder_attn.out_proj.weight
decoder.model.decoder.layers.10.encoder_attn.out_proj.bias
decoder.model.decoder.layers.10.encoder_attn_layer_norm.weight
decoder.model.decoder.layers.10.encoder_attn_layer_norm.bias
decoder.model.decoder.layers.10.fc1.weight
decoder.model.decoder.layers.10.fc1.bias
decoder.model.decoder.layers.10.fc2.weight
decoder.model.decoder.layers.10.fc2.bias
decoder.model.decoder.layers.10.final_layer_norm.weight
decoder.model.decoder.layers.10.final_layer_norm.bias
decoder.model.decoder.layers.11.self_attn.k_proj.weight
decoder.model.decoder.layers.11.self_attn.k_proj.bias
decoder.model.decoder.layers.11.self_attn.v_proj.weight
decoder.model.decoder.layers.11.self_attn.v_proj.bias
decoder.model.decoder.layers.11.self_attn.q_proj.weight
decoder.model.decoder.layers.11.self_attn.q_proj.bias
decoder.model.decoder.layers.11.self_attn.out_proj.weight
decoder.model.decoder.layers.11.self_attn.out_proj.bias
decoder.model.decoder.layers.11.self_attn_layer_norm.weight
decoder.model.decoder.layers.11.self_attn_layer_norm.bias
decoder.model.decoder.layers.11.encoder_attn.k_proj.weight
decoder.model.decoder.layers.11.encoder_attn.k_proj.bias
decoder.model.decoder.layers.11.encoder_attn.v_proj.weight
decoder.model.decoder.layers.11.encoder_attn.v_proj.bias
decoder.model.decoder.layers.11.encoder_attn.q_proj.weight
decoder.model.decoder.layers.11.encoder_attn.q_proj.bias
decoder.model.decoder.layers.11.encoder_attn.out_proj.weight
decoder.model.decoder.layers.11.encoder_attn.out_proj.bias
decoder.model.decoder.layers.11.encoder_attn_layer_norm.weight
decoder.model.decoder.layers.11.encoder_attn_layer_norm.bias
decoder.model.decoder.layers.11.fc1.weight
decoder.model.decoder.layers.11.fc1.bias
decoder.model.decoder.layers.11.fc2.weight
decoder.model.decoder.layers.11.fc2.bias
decoder.model.decoder.layers.11.final_layer_norm.weight
decoder.model.decoder.layers.11.final_layer_norm.bias
decoder.output_projection.weight
Loading MetaData
Splitting dataset
Loading Datasets
Dataset Split: Train: 50482 Val: 510
Defining Generation Config
Defining Optimiser
Training Loop
